INFO:     Will watch for changes in these directories: ['/Users/luisalbertoaguirregomez/.openclaw/workspace/projects/chatbot_inspeccion_v03']
INFO:     Uvicorn running on http://0.0.0.0:8000 (Press CTRL+C to quit)
INFO:     Started reloader process [51348] using WatchFiles
Process SpawnProcess-1:
Traceback (most recent call last):
  File "/Library/Frameworks/Python.framework/Versions/3.12/lib/python3.12/multiprocessing/process.py", line 314, in _bootstrap
    self.run()
  File "/Library/Frameworks/Python.framework/Versions/3.12/lib/python3.12/multiprocessing/process.py", line 108, in run
    self._target(*self._args, **self._kwargs)
  File "/Users/luisalbertoaguirregomez/Library/Python/3.12/lib/python/site-packages/uvicorn/_subprocess.py", line 80, in subprocess_started
    target(sockets=sockets)
  File "/Users/luisalbertoaguirregomez/Library/Python/3.12/lib/python/site-packages/uvicorn/server.py", line 75, in run
    return asyncio_run(self.serve(sockets=sockets), loop_factory=self.config.get_loop_factory())
           ^^^^^^^^^^^^^^^^^^^^^^^^^^^^^^^^^^^^^^^^^^^^^^^^^^^^^^^^^^^^^^^^^^^^^^^^^^^^^^^^^^^^^
  File "/Library/Frameworks/Python.framework/Versions/3.12/lib/python3.12/asyncio/runners.py", line 195, in run
    return runner.run(main)
           ^^^^^^^^^^^^^^^^
  File "/Library/Frameworks/Python.framework/Versions/3.12/lib/python3.12/asyncio/runners.py", line 118, in run
    return self._loop.run_until_complete(task)
           ^^^^^^^^^^^^^^^^^^^^^^^^^^^^^^^^^^^
  File "uvloop/loop.pyx", line 1518, in uvloop.loop.Loop.run_until_complete
  File "/Users/luisalbertoaguirregomez/Library/Python/3.12/lib/python/site-packages/uvicorn/server.py", line 79, in serve
    await self._serve(sockets)
  File "/Users/luisalbertoaguirregomez/Library/Python/3.12/lib/python/site-packages/uvicorn/server.py", line 86, in _serve
    config.load()
  File "/Users/luisalbertoaguirregomez/Library/Python/3.12/lib/python/site-packages/uvicorn/config.py", line 441, in load
    self.loaded_app = import_from_string(self.app)
                      ^^^^^^^^^^^^^^^^^^^^^^^^^^^^
  File "/Users/luisalbertoaguirregomez/Library/Python/3.12/lib/python/site-packages/uvicorn/importer.py", line 19, in import_from_string
    module = importlib.import_module(module_str)
             ^^^^^^^^^^^^^^^^^^^^^^^^^^^^^^^^^^^
  File "/Library/Frameworks/Python.framework/Versions/3.12/lib/python3.12/importlib/__init__.py", line 90, in import_module
    return _bootstrap._gcd_import(name[level:], package, level)
           ^^^^^^^^^^^^^^^^^^^^^^^^^^^^^^^^^^^^^^^^^^^^^^^^^^^^
  File "<frozen importlib._bootstrap>", line 1387, in _gcd_import
  File "<frozen importlib._bootstrap>", line 1360, in _find_and_load
  File "<frozen importlib._bootstrap>", line 1331, in _find_and_load_unlocked
  File "<frozen importlib._bootstrap>", line 935, in _load_unlocked
  File "<frozen importlib._bootstrap_external>", line 999, in exec_module
  File "<frozen importlib._bootstrap>", line 488, in _call_with_frames_removed
  File "/Users/luisalbertoaguirregomez/.openclaw/workspace/projects/chatbot_inspeccion_v03/backend/main.py", line 14, in <module>
    from fastapi import FastAPI, HTTPException, Depends, status
  File "/Users/luisalbertoaguirregomez/Library/Python/3.12/lib/python/site-packages/fastapi/__init__.py", line 7, in <module>
    from .applications import FastAPI as FastAPI
  File "/Users/luisalbertoaguirregomez/Library/Python/3.12/lib/python/site-packages/fastapi/applications.py", line 6, in <module>
    from fastapi import routing
  File "/Users/luisalbertoaguirregomez/Library/Python/3.12/lib/python/site-packages/fastapi/routing.py", line 35, in <module>
    from fastapi import params
  File "/Users/luisalbertoaguirregomez/Library/Python/3.12/lib/python/site-packages/fastapi/params.py", line 7, in <module>
    from fastapi.exceptions import FastAPIDeprecationWarning
  File "/Users/luisalbertoaguirregomez/Library/Python/3.12/lib/python/site-packages/fastapi/exceptions.py", line 5, in <module>
    from pydantic import BaseModel, create_model
  File "/Library/Frameworks/Python.framework/Versions/3.12/lib/python3.12/site-packages/pydantic/__init__.py", line 5, in <module>
    from ._migration import getattr_migration
  File "/Library/Frameworks/Python.framework/Versions/3.12/lib/python3.12/site-packages/pydantic/_migration.py", line 4, in <module>
    from pydantic.warnings import PydanticDeprecatedSince20
  File "/Library/Frameworks/Python.framework/Versions/3.12/lib/python3.12/site-packages/pydantic/warnings.py", line 5, in <module>
    from .version import version_short
  File "/Library/Frameworks/Python.framework/Versions/3.12/lib/python3.12/site-packages/pydantic/version.py", line 7, in <module>
    from pydantic_core import __version__ as __pydantic_core_version__
  File "/Library/Frameworks/Python.framework/Versions/3.12/lib/python3.12/site-packages/pydantic_core/__init__.py", line 8, in <module>
    from ._pydantic_core import (
ImportError: dlopen(/Library/Frameworks/Python.framework/Versions/3.12/lib/python3.12/site-packages/pydantic_core/_pydantic_core.cpython-312-darwin.so, 0x0002): tried: '/Library/Frameworks/Python.framework/Versions/3.12/lib/python3.12/site-packages/pydantic_core/_pydantic_core.cpython-312-darwin.so' (mach-o file, but is an incompatible architecture (have 'x86_64', need 'arm64e' or 'arm64e.v1' or 'arm64' or 'arm64')), '/System/Volumes/Preboot/Cryptexes/OS/Library/Frameworks/Python.framework/Versions/3.12/lib/python3.12/site-packages/pydantic_core/_pydantic_core.cpython-312-darwin.so' (no such file), '/Library/Frameworks/Python.framework/Versions/3.12/lib/python3.12/site-packages/pydantic_core/_pydantic_core.cpython-312-darwin.so' (mach-o file, but is an incompatible architecture (have 'x86_64', need 'arm64e' or 'arm64e.v1' or 'arm64' or 'arm64'))
WARNING:  WatchFiles detected changes in 'frontend/app.py'. Reloading...
Process SpawnProcess-2:
Traceback (most recent call last):
  File "/Library/Frameworks/Python.framework/Versions/3.12/lib/python3.12/multiprocessing/process.py", line 314, in _bootstrap
    self.run()
  File "/Library/Frameworks/Python.framework/Versions/3.12/lib/python3.12/multiprocessing/process.py", line 108, in run
    self._target(*self._args, **self._kwargs)
  File "/Users/luisalbertoaguirregomez/Library/Python/3.12/lib/python/site-packages/uvicorn/_subprocess.py", line 80, in subprocess_started
    target(sockets=sockets)
  File "/Users/luisalbertoaguirregomez/Library/Python/3.12/lib/python/site-packages/uvicorn/server.py", line 75, in run
    return asyncio_run(self.serve(sockets=sockets), loop_factory=self.config.get_loop_factory())
           ^^^^^^^^^^^^^^^^^^^^^^^^^^^^^^^^^^^^^^^^^^^^^^^^^^^^^^^^^^^^^^^^^^^^^^^^^^^^^^^^^^^^^
  File "/Library/Frameworks/Python.framework/Versions/3.12/lib/python3.12/asyncio/runners.py", line 195, in run
    return runner.run(main)
           ^^^^^^^^^^^^^^^^
  File "/Library/Frameworks/Python.framework/Versions/3.12/lib/python3.12/asyncio/runners.py", line 118, in run
    return self._loop.run_until_complete(task)
           ^^^^^^^^^^^^^^^^^^^^^^^^^^^^^^^^^^^
  File "uvloop/loop.pyx", line 1518, in uvloop.loop.Loop.run_until_complete
  File "/Users/luisalbertoaguirregomez/Library/Python/3.12/lib/python/site-packages/uvicorn/server.py", line 79, in serve
    await self._serve(sockets)
  File "/Users/luisalbertoaguirregomez/Library/Python/3.12/lib/python/site-packages/uvicorn/server.py", line 86, in _serve
    config.load()
  File "/Users/luisalbertoaguirregomez/Library/Python/3.12/lib/python/site-packages/uvicorn/config.py", line 441, in load
    self.loaded_app = import_from_string(self.app)
                      ^^^^^^^^^^^^^^^^^^^^^^^^^^^^
  File "/Users/luisalbertoaguirregomez/Library/Python/3.12/lib/python/site-packages/uvicorn/importer.py", line 19, in import_from_string
    module = importlib.import_module(module_str)
             ^^^^^^^^^^^^^^^^^^^^^^^^^^^^^^^^^^^
  File "/Library/Frameworks/Python.framework/Versions/3.12/lib/python3.12/importlib/__init__.py", line 90, in import_module
    return _bootstrap._gcd_import(name[level:], package, level)
           ^^^^^^^^^^^^^^^^^^^^^^^^^^^^^^^^^^^^^^^^^^^^^^^^^^^^
  File "<frozen importlib._bootstrap>", line 1387, in _gcd_import
  File "<frozen importlib._bootstrap>", line 1360, in _find_and_load
  File "<frozen importlib._bootstrap>", line 1331, in _find_and_load_unlocked
  File "<frozen importlib._bootstrap>", line 935, in _load_unlocked
  File "<frozen importlib._bootstrap_external>", line 999, in exec_module
  File "<frozen importlib._bootstrap>", line 488, in _call_with_frames_removed
  File "/Users/luisalbertoaguirregomez/.openclaw/workspace/projects/chatbot_inspeccion_v03/backend/main.py", line 14, in <module>
    from fastapi import FastAPI, HTTPException, Depends, status
  File "/Users/luisalbertoaguirregomez/Library/Python/3.12/lib/python/site-packages/fastapi/__init__.py", line 7, in <module>
    from .applications import FastAPI as FastAPI
  File "/Users/luisalbertoaguirregomez/Library/Python/3.12/lib/python/site-packages/fastapi/applications.py", line 6, in <module>
    from fastapi import routing
  File "/Users/luisalbertoaguirregomez/Library/Python/3.12/lib/python/site-packages/fastapi/routing.py", line 35, in <module>
    from fastapi import params
  File "/Users/luisalbertoaguirregomez/Library/Python/3.12/lib/python/site-packages/fastapi/params.py", line 7, in <module>
    from fastapi.exceptions import FastAPIDeprecationWarning
  File "/Users/luisalbertoaguirregomez/Library/Python/3.12/lib/python/site-packages/fastapi/exceptions.py", line 5, in <module>
    from pydantic import BaseModel, create_model
  File "/Library/Frameworks/Python.framework/Versions/3.12/lib/python3.12/site-packages/pydantic/__init__.py", line 5, in <module>
    from ._migration import getattr_migration
  File "/Library/Frameworks/Python.framework/Versions/3.12/lib/python3.12/site-packages/pydantic/_migration.py", line 4, in <module>
    from pydantic.warnings import PydanticDeprecatedSince20
  File "/Library/Frameworks/Python.framework/Versions/3.12/lib/python3.12/site-packages/pydantic/warnings.py", line 5, in <module>
    from .version import version_short
  File "/Library/Frameworks/Python.framework/Versions/3.12/lib/python3.12/site-packages/pydantic/version.py", line 7, in <module>
    from pydantic_core import __version__ as __pydantic_core_version__
  File "/Library/Frameworks/Python.framework/Versions/3.12/lib/python3.12/site-packages/pydantic_core/__init__.py", line 8, in <module>
    from ._pydantic_core import (
ImportError: dlopen(/Library/Frameworks/Python.framework/Versions/3.12/lib/python3.12/site-packages/pydantic_core/_pydantic_core.cpython-312-darwin.so, 0x0002): tried: '/Library/Frameworks/Python.framework/Versions/3.12/lib/python3.12/site-packages/pydantic_core/_pydantic_core.cpython-312-darwin.so' (mach-o file, but is an incompatible architecture (have 'x86_64', need 'arm64e' or 'arm64e.v1' or 'arm64' or 'arm64')), '/System/Volumes/Preboot/Cryptexes/OS/Library/Frameworks/Python.framework/Versions/3.12/lib/python3.12/site-packages/pydantic_core/_pydantic_core.cpython-312-darwin.so' (no such file), '/Library/Frameworks/Python.framework/Versions/3.12/lib/python3.12/site-packages/pydantic_core/_pydantic_core.cpython-312-darwin.so' (mach-o file, but is an incompatible architecture (have 'x86_64', need 'arm64e' or 'arm64e.v1' or 'arm64' or 'arm64'))
WARNING:  WatchFiles detected changes in 'frontend/app_complete.py'. Reloading...
Process SpawnProcess-3:
Traceback (most recent call last):
  File "/Library/Frameworks/Python.framework/Versions/3.12/lib/python3.12/multiprocessing/process.py", line 314, in _bootstrap
    self.run()
  File "/Library/Frameworks/Python.framework/Versions/3.12/lib/python3.12/multiprocessing/process.py", line 108, in run
    self._target(*self._args, **self._kwargs)
  File "/Users/luisalbertoaguirregomez/Library/Python/3.12/lib/python/site-packages/uvicorn/_subprocess.py", line 80, in subprocess_started
    target(sockets=sockets)
  File "/Users/luisalbertoaguirregomez/Library/Python/3.12/lib/python/site-packages/uvicorn/server.py", line 75, in run
    return asyncio_run(self.serve(sockets=sockets), loop_factory=self.config.get_loop_factory())
           ^^^^^^^^^^^^^^^^^^^^^^^^^^^^^^^^^^^^^^^^^^^^^^^^^^^^^^^^^^^^^^^^^^^^^^^^^^^^^^^^^^^^^
  File "/Library/Frameworks/Python.framework/Versions/3.12/lib/python3.12/asyncio/runners.py", line 195, in run
    return runner.run(main)
           ^^^^^^^^^^^^^^^^
  File "/Library/Frameworks/Python.framework/Versions/3.12/lib/python3.12/asyncio/runners.py", line 118, in run
    return self._loop.run_until_complete(task)
           ^^^^^^^^^^^^^^^^^^^^^^^^^^^^^^^^^^^
  File "uvloop/loop.pyx", line 1518, in uvloop.loop.Loop.run_until_complete
  File "/Users/luisalbertoaguirregomez/Library/Python/3.12/lib/python/site-packages/uvicorn/server.py", line 79, in serve
    await self._serve(sockets)
  File "/Users/luisalbertoaguirregomez/Library/Python/3.12/lib/python/site-packages/uvicorn/server.py", line 86, in _serve
    config.load()
  File "/Users/luisalbertoaguirregomez/Library/Python/3.12/lib/python/site-packages/uvicorn/config.py", line 441, in load
    self.loaded_app = import_from_string(self.app)
                      ^^^^^^^^^^^^^^^^^^^^^^^^^^^^
  File "/Users/luisalbertoaguirregomez/Library/Python/3.12/lib/python/site-packages/uvicorn/importer.py", line 19, in import_from_string
    module = importlib.import_module(module_str)
             ^^^^^^^^^^^^^^^^^^^^^^^^^^^^^^^^^^^
  File "/Library/Frameworks/Python.framework/Versions/3.12/lib/python3.12/importlib/__init__.py", line 90, in import_module
    return _bootstrap._gcd_import(name[level:], package, level)
           ^^^^^^^^^^^^^^^^^^^^^^^^^^^^^^^^^^^^^^^^^^^^^^^^^^^^
  File "<frozen importlib._bootstrap>", line 1387, in _gcd_import
  File "<frozen importlib._bootstrap>", line 1360, in _find_and_load
  File "<frozen importlib._bootstrap>", line 1331, in _find_and_load_unlocked
  File "<frozen importlib._bootstrap>", line 935, in _load_unlocked
  File "<frozen importlib._bootstrap_external>", line 999, in exec_module
  File "<frozen importlib._bootstrap>", line 488, in _call_with_frames_removed
  File "/Users/luisalbertoaguirregomez/.openclaw/workspace/projects/chatbot_inspeccion_v03/backend/main.py", line 14, in <module>
    from fastapi import FastAPI, HTTPException, Depends, status
  File "/Users/luisalbertoaguirregomez/Library/Python/3.12/lib/python/site-packages/fastapi/__init__.py", line 7, in <module>
    from .applications import FastAPI as FastAPI
  File "/Users/luisalbertoaguirregomez/Library/Python/3.12/lib/python/site-packages/fastapi/applications.py", line 6, in <module>
    from fastapi import routing
  File "/Users/luisalbertoaguirregomez/Library/Python/3.12/lib/python/site-packages/fastapi/routing.py", line 35, in <module>
    from fastapi import params
  File "/Users/luisalbertoaguirregomez/Library/Python/3.12/lib/python/site-packages/fastapi/params.py", line 7, in <module>
    from fastapi.exceptions import FastAPIDeprecationWarning
  File "/Users/luisalbertoaguirregomez/Library/Python/3.12/lib/python/site-packages/fastapi/exceptions.py", line 5, in <module>
    from pydantic import BaseModel, create_model
  File "/Library/Frameworks/Python.framework/Versions/3.12/lib/python3.12/site-packages/pydantic/__init__.py", line 5, in <module>
    from ._migration import getattr_migration
  File "/Library/Frameworks/Python.framework/Versions/3.12/lib/python3.12/site-packages/pydantic/_migration.py", line 4, in <module>
    from pydantic.warnings import PydanticDeprecatedSince20
  File "/Library/Frameworks/Python.framework/Versions/3.12/lib/python3.12/site-packages/pydantic/warnings.py", line 5, in <module>
    from .version import version_short
  File "/Library/Frameworks/Python.framework/Versions/3.12/lib/python3.12/site-packages/pydantic/version.py", line 7, in <module>
    from pydantic_core import __version__ as __pydantic_core_version__
  File "/Library/Frameworks/Python.framework/Versions/3.12/lib/python3.12/site-packages/pydantic_core/__init__.py", line 8, in <module>
    from ._pydantic_core import (
ImportError: dlopen(/Library/Frameworks/Python.framework/Versions/3.12/lib/python3.12/site-packages/pydantic_core/_pydantic_core.cpython-312-darwin.so, 0x0002): tried: '/Library/Frameworks/Python.framework/Versions/3.12/lib/python3.12/site-packages/pydantic_core/_pydantic_core.cpython-312-darwin.so' (mach-o file, but is an incompatible architecture (have 'x86_64', need 'arm64e' or 'arm64e.v1' or 'arm64' or 'arm64')), '/System/Volumes/Preboot/Cryptexes/OS/Library/Frameworks/Python.framework/Versions/3.12/lib/python3.12/site-packages/pydantic_core/_pydantic_core.cpython-312-darwin.so' (no such file), '/Library/Frameworks/Python.framework/Versions/3.12/lib/python3.12/site-packages/pydantic_core/_pydantic_core.cpython-312-darwin.so' (mach-o file, but is an incompatible architecture (have 'x86_64', need 'arm64e' or 'arm64e.v1' or 'arm64' or 'arm64'))
WARNING:  WatchFiles detected changes in 'frontend/app.py'. Reloading...
Process SpawnProcess-4:
Traceback (most recent call last):
  File "/Library/Frameworks/Python.framework/Versions/3.12/lib/python3.12/multiprocessing/process.py", line 314, in _bootstrap
    self.run()
  File "/Library/Frameworks/Python.framework/Versions/3.12/lib/python3.12/multiprocessing/process.py", line 108, in run
    self._target(*self._args, **self._kwargs)
  File "/Users/luisalbertoaguirregomez/Library/Python/3.12/lib/python/site-packages/uvicorn/_subprocess.py", line 80, in subprocess_started
    target(sockets=sockets)
  File "/Users/luisalbertoaguirregomez/Library/Python/3.12/lib/python/site-packages/uvicorn/server.py", line 75, in run
    return asyncio_run(self.serve(sockets=sockets), loop_factory=self.config.get_loop_factory())
           ^^^^^^^^^^^^^^^^^^^^^^^^^^^^^^^^^^^^^^^^^^^^^^^^^^^^^^^^^^^^^^^^^^^^^^^^^^^^^^^^^^^^^
  File "/Library/Frameworks/Python.framework/Versions/3.12/lib/python3.12/asyncio/runners.py", line 195, in run
    return runner.run(main)
           ^^^^^^^^^^^^^^^^
  File "/Library/Frameworks/Python.framework/Versions/3.12/lib/python3.12/asyncio/runners.py", line 118, in run
    return self._loop.run_until_complete(task)
           ^^^^^^^^^^^^^^^^^^^^^^^^^^^^^^^^^^^
  File "uvloop/loop.pyx", line 1518, in uvloop.loop.Loop.run_until_complete
  File "/Users/luisalbertoaguirregomez/Library/Python/3.12/lib/python/site-packages/uvicorn/server.py", line 79, in serve
    await self._serve(sockets)
  File "/Users/luisalbertoaguirregomez/Library/Python/3.12/lib/python/site-packages/uvicorn/server.py", line 86, in _serve
    config.load()
  File "/Users/luisalbertoaguirregomez/Library/Python/3.12/lib/python/site-packages/uvicorn/config.py", line 441, in load
    self.loaded_app = import_from_string(self.app)
                      ^^^^^^^^^^^^^^^^^^^^^^^^^^^^
  File "/Users/luisalbertoaguirregomez/Library/Python/3.12/lib/python/site-packages/uvicorn/importer.py", line 19, in import_from_string
    module = importlib.import_module(module_str)
             ^^^^^^^^^^^^^^^^^^^^^^^^^^^^^^^^^^^
  File "/Library/Frameworks/Python.framework/Versions/3.12/lib/python3.12/importlib/__init__.py", line 90, in import_module
    return _bootstrap._gcd_import(name[level:], package, level)
           ^^^^^^^^^^^^^^^^^^^^^^^^^^^^^^^^^^^^^^^^^^^^^^^^^^^^
  File "<frozen importlib._bootstrap>", line 1387, in _gcd_import
  File "<frozen importlib._bootstrap>", line 1360, in _find_and_load
  File "<frozen importlib._bootstrap>", line 1331, in _find_and_load_unlocked
  File "<frozen importlib._bootstrap>", line 935, in _load_unlocked
  File "<frozen importlib._bootstrap_external>", line 999, in exec_module
  File "<frozen importlib._bootstrap>", line 488, in _call_with_frames_removed
  File "/Users/luisalbertoaguirregomez/.openclaw/workspace/projects/chatbot_inspeccion_v03/backend/main.py", line 14, in <module>
    from fastapi import FastAPI, HTTPException, Depends, status
  File "/Users/luisalbertoaguirregomez/Library/Python/3.12/lib/python/site-packages/fastapi/__init__.py", line 7, in <module>
    from .applications import FastAPI as FastAPI
  File "/Users/luisalbertoaguirregomez/Library/Python/3.12/lib/python/site-packages/fastapi/applications.py", line 6, in <module>
    from fastapi import routing
  File "/Users/luisalbertoaguirregomez/Library/Python/3.12/lib/python/site-packages/fastapi/routing.py", line 35, in <module>
    from fastapi import params
  File "/Users/luisalbertoaguirregomez/Library/Python/3.12/lib/python/site-packages/fastapi/params.py", line 7, in <module>
    from fastapi.exceptions import FastAPIDeprecationWarning
  File "/Users/luisalbertoaguirregomez/Library/Python/3.12/lib/python/site-packages/fastapi/exceptions.py", line 5, in <module>
    from pydantic import BaseModel, create_model
  File "/Library/Frameworks/Python.framework/Versions/3.12/lib/python3.12/site-packages/pydantic/__init__.py", line 5, in <module>
    from ._migration import getattr_migration
  File "/Library/Frameworks/Python.framework/Versions/3.12/lib/python3.12/site-packages/pydantic/_migration.py", line 4, in <module>
    from pydantic.warnings import PydanticDeprecatedSince20
  File "/Library/Frameworks/Python.framework/Versions/3.12/lib/python3.12/site-packages/pydantic/warnings.py", line 5, in <module>
    from .version import version_short
  File "/Library/Frameworks/Python.framework/Versions/3.12/lib/python3.12/site-packages/pydantic/version.py", line 7, in <module>
    from pydantic_core import __version__ as __pydantic_core_version__
  File "/Library/Frameworks/Python.framework/Versions/3.12/lib/python3.12/site-packages/pydantic_core/__init__.py", line 8, in <module>
    from ._pydantic_core import (
ImportError: dlopen(/Library/Frameworks/Python.framework/Versions/3.12/lib/python3.12/site-packages/pydantic_core/_pydantic_core.cpython-312-darwin.so, 0x0002): tried: '/Library/Frameworks/Python.framework/Versions/3.12/lib/python3.12/site-packages/pydantic_core/_pydantic_core.cpython-312-darwin.so' (mach-o file, but is an incompatible architecture (have 'x86_64', need 'arm64e' or 'arm64e.v1' or 'arm64' or 'arm64')), '/System/Volumes/Preboot/Cryptexes/OS/Library/Frameworks/Python.framework/Versions/3.12/lib/python3.12/site-packages/pydantic_core/_pydantic_core.cpython-312-darwin.so' (no such file), '/Library/Frameworks/Python.framework/Versions/3.12/lib/python3.12/site-packages/pydantic_core/_pydantic_core.cpython-312-darwin.so' (mach-o file, but is an incompatible architecture (have 'x86_64', need 'arm64e' or 'arm64e.v1' or 'arm64' or 'arm64'))
WARNING:  WatchFiles detected changes in 'frontend/app.py'. Reloading...
Process SpawnProcess-5:
Traceback (most recent call last):
  File "/Library/Frameworks/Python.framework/Versions/3.12/lib/python3.12/multiprocessing/process.py", line 314, in _bootstrap
    self.run()
  File "/Library/Frameworks/Python.framework/Versions/3.12/lib/python3.12/multiprocessing/process.py", line 108, in run
    self._target(*self._args, **self._kwargs)
  File "/Users/luisalbertoaguirregomez/Library/Python/3.12/lib/python/site-packages/uvicorn/_subprocess.py", line 80, in subprocess_started
    target(sockets=sockets)
  File "/Users/luisalbertoaguirregomez/Library/Python/3.12/lib/python/site-packages/uvicorn/server.py", line 75, in run
    return asyncio_run(self.serve(sockets=sockets), loop_factory=self.config.get_loop_factory())
           ^^^^^^^^^^^^^^^^^^^^^^^^^^^^^^^^^^^^^^^^^^^^^^^^^^^^^^^^^^^^^^^^^^^^^^^^^^^^^^^^^^^^^
  File "/Library/Frameworks/Python.framework/Versions/3.12/lib/python3.12/asyncio/runners.py", line 195, in run
    return runner.run(main)
           ^^^^^^^^^^^^^^^^
  File "/Library/Frameworks/Python.framework/Versions/3.12/lib/python3.12/asyncio/runners.py", line 118, in run
    return self._loop.run_until_complete(task)
           ^^^^^^^^^^^^^^^^^^^^^^^^^^^^^^^^^^^
  File "uvloop/loop.pyx", line 1518, in uvloop.loop.Loop.run_until_complete
  File "/Users/luisalbertoaguirregomez/Library/Python/3.12/lib/python/site-packages/uvicorn/server.py", line 79, in serve
    await self._serve(sockets)
  File "/Users/luisalbertoaguirregomez/Library/Python/3.12/lib/python/site-packages/uvicorn/server.py", line 86, in _serve
    config.load()
  File "/Users/luisalbertoaguirregomez/Library/Python/3.12/lib/python/site-packages/uvicorn/config.py", line 441, in load
    self.loaded_app = import_from_string(self.app)
                      ^^^^^^^^^^^^^^^^^^^^^^^^^^^^
  File "/Users/luisalbertoaguirregomez/Library/Python/3.12/lib/python/site-packages/uvicorn/importer.py", line 19, in import_from_string
    module = importlib.import_module(module_str)
             ^^^^^^^^^^^^^^^^^^^^^^^^^^^^^^^^^^^
  File "/Library/Frameworks/Python.framework/Versions/3.12/lib/python3.12/importlib/__init__.py", line 90, in import_module
    return _bootstrap._gcd_import(name[level:], package, level)
           ^^^^^^^^^^^^^^^^^^^^^^^^^^^^^^^^^^^^^^^^^^^^^^^^^^^^
  File "<frozen importlib._bootstrap>", line 1387, in _gcd_import
  File "<frozen importlib._bootstrap>", line 1360, in _find_and_load
  File "<frozen importlib._bootstrap>", line 1331, in _find_and_load_unlocked
  File "<frozen importlib._bootstrap>", line 935, in _load_unlocked
  File "<frozen importlib._bootstrap_external>", line 999, in exec_module
  File "<frozen importlib._bootstrap>", line 488, in _call_with_frames_removed
  File "/Users/luisalbertoaguirregomez/.openclaw/workspace/projects/chatbot_inspeccion_v03/backend/main.py", line 14, in <module>
    from fastapi import FastAPI, HTTPException, Depends, status
  File "/Users/luisalbertoaguirregomez/Library/Python/3.12/lib/python/site-packages/fastapi/__init__.py", line 7, in <module>
    from .applications import FastAPI as FastAPI
  File "/Users/luisalbertoaguirregomez/Library/Python/3.12/lib/python/site-packages/fastapi/applications.py", line 6, in <module>
    from fastapi import routing
  File "/Users/luisalbertoaguirregomez/Library/Python/3.12/lib/python/site-packages/fastapi/routing.py", line 35, in <module>
    from fastapi import params
  File "/Users/luisalbertoaguirregomez/Library/Python/3.12/lib/python/site-packages/fastapi/params.py", line 7, in <module>
    from fastapi.exceptions import FastAPIDeprecationWarning
  File "/Users/luisalbertoaguirregomez/Library/Python/3.12/lib/python/site-packages/fastapi/exceptions.py", line 5, in <module>
    from pydantic import BaseModel, create_model
  File "/Library/Frameworks/Python.framework/Versions/3.12/lib/python3.12/site-packages/pydantic/__init__.py", line 5, in <module>
    from ._migration import getattr_migration
  File "/Library/Frameworks/Python.framework/Versions/3.12/lib/python3.12/site-packages/pydantic/_migration.py", line 4, in <module>
    from pydantic.warnings import PydanticDeprecatedSince20
  File "/Library/Frameworks/Python.framework/Versions/3.12/lib/python3.12/site-packages/pydantic/warnings.py", line 5, in <module>
    from .version import version_short
  File "/Library/Frameworks/Python.framework/Versions/3.12/lib/python3.12/site-packages/pydantic/version.py", line 7, in <module>
    from pydantic_core import __version__ as __pydantic_core_version__
  File "/Library/Frameworks/Python.framework/Versions/3.12/lib/python3.12/site-packages/pydantic_core/__init__.py", line 8, in <module>
    from ._pydantic_core import (
ImportError: dlopen(/Library/Frameworks/Python.framework/Versions/3.12/lib/python3.12/site-packages/pydantic_core/_pydantic_core.cpython-312-darwin.so, 0x0002): tried: '/Library/Frameworks/Python.framework/Versions/3.12/lib/python3.12/site-packages/pydantic_core/_pydantic_core.cpython-312-darwin.so' (mach-o file, but is an incompatible architecture (have 'x86_64', need 'arm64e' or 'arm64e.v1' or 'arm64' or 'arm64')), '/System/Volumes/Preboot/Cryptexes/OS/Library/Frameworks/Python.framework/Versions/3.12/lib/python3.12/site-packages/pydantic_core/_pydantic_core.cpython-312-darwin.so' (no such file), '/Library/Frameworks/Python.framework/Versions/3.12/lib/python3.12/site-packages/pydantic_core/_pydantic_core.cpython-312-darwin.so' (mach-o file, but is an incompatible architecture (have 'x86_64', need 'arm64e' or 'arm64e.v1' or 'arm64' or 'arm64'))
WARNING:  WatchFiles detected changes in 'backend/simple_backend.py'. Reloading...
Process SpawnProcess-6:
Traceback (most recent call last):
  File "/Library/Frameworks/Python.framework/Versions/3.12/lib/python3.12/multiprocessing/process.py", line 314, in _bootstrap
    self.run()
  File "/Library/Frameworks/Python.framework/Versions/3.12/lib/python3.12/multiprocessing/process.py", line 108, in run
    self._target(*self._args, **self._kwargs)
  File "/Users/luisalbertoaguirregomez/Library/Python/3.12/lib/python/site-packages/uvicorn/_subprocess.py", line 80, in subprocess_started
    target(sockets=sockets)
  File "/Users/luisalbertoaguirregomez/Library/Python/3.12/lib/python/site-packages/uvicorn/server.py", line 75, in run
    return asyncio_run(self.serve(sockets=sockets), loop_factory=self.config.get_loop_factory())
           ^^^^^^^^^^^^^^^^^^^^^^^^^^^^^^^^^^^^^^^^^^^^^^^^^^^^^^^^^^^^^^^^^^^^^^^^^^^^^^^^^^^^^
  File "/Library/Frameworks/Python.framework/Versions/3.12/lib/python3.12/asyncio/runners.py", line 195, in run
    return runner.run(main)
           ^^^^^^^^^^^^^^^^
  File "/Library/Frameworks/Python.framework/Versions/3.12/lib/python3.12/asyncio/runners.py", line 118, in run
    return self._loop.run_until_complete(task)
           ^^^^^^^^^^^^^^^^^^^^^^^^^^^^^^^^^^^
  File "uvloop/loop.pyx", line 1518, in uvloop.loop.Loop.run_until_complete
  File "/Users/luisalbertoaguirregomez/Library/Python/3.12/lib/python/site-packages/uvicorn/server.py", line 79, in serve
    await self._serve(sockets)
  File "/Users/luisalbertoaguirregomez/Library/Python/3.12/lib/python/site-packages/uvicorn/server.py", line 86, in _serve
    config.load()
  File "/Users/luisalbertoaguirregomez/Library/Python/3.12/lib/python/site-packages/uvicorn/config.py", line 441, in load
    self.loaded_app = import_from_string(self.app)
                      ^^^^^^^^^^^^^^^^^^^^^^^^^^^^
  File "/Users/luisalbertoaguirregomez/Library/Python/3.12/lib/python/site-packages/uvicorn/importer.py", line 19, in import_from_string
    module = importlib.import_module(module_str)
             ^^^^^^^^^^^^^^^^^^^^^^^^^^^^^^^^^^^
  File "/Library/Frameworks/Python.framework/Versions/3.12/lib/python3.12/importlib/__init__.py", line 90, in import_module
    return _bootstrap._gcd_import(name[level:], package, level)
           ^^^^^^^^^^^^^^^^^^^^^^^^^^^^^^^^^^^^^^^^^^^^^^^^^^^^
  File "<frozen importlib._bootstrap>", line 1387, in _gcd_import
  File "<frozen importlib._bootstrap>", line 1360, in _find_and_load
  File "<frozen importlib._bootstrap>", line 1331, in _find_and_load_unlocked
  File "<frozen importlib._bootstrap>", line 935, in _load_unlocked
  File "<frozen importlib._bootstrap_external>", line 999, in exec_module
  File "<frozen importlib._bootstrap>", line 488, in _call_with_frames_removed
  File "/Users/luisalbertoaguirregomez/.openclaw/workspace/projects/chatbot_inspeccion_v03/backend/main.py", line 14, in <module>
    from fastapi import FastAPI, HTTPException, Depends, status
  File "/Users/luisalbertoaguirregomez/Library/Python/3.12/lib/python/site-packages/fastapi/__init__.py", line 7, in <module>
    from .applications import FastAPI as FastAPI
  File "/Users/luisalbertoaguirregomez/Library/Python/3.12/lib/python/site-packages/fastapi/applications.py", line 6, in <module>
    from fastapi import routing
  File "/Users/luisalbertoaguirregomez/Library/Python/3.12/lib/python/site-packages/fastapi/routing.py", line 35, in <module>
    from fastapi import params
  File "/Users/luisalbertoaguirregomez/Library/Python/3.12/lib/python/site-packages/fastapi/params.py", line 7, in <module>
    from fastapi.exceptions import FastAPIDeprecationWarning
  File "/Users/luisalbertoaguirregomez/Library/Python/3.12/lib/python/site-packages/fastapi/exceptions.py", line 5, in <module>
    from pydantic import BaseModel, create_model
  File "/Library/Frameworks/Python.framework/Versions/3.12/lib/python3.12/site-packages/pydantic/__init__.py", line 5, in <module>
    from ._migration import getattr_migration
  File "/Library/Frameworks/Python.framework/Versions/3.12/lib/python3.12/site-packages/pydantic/_migration.py", line 4, in <module>
    from pydantic.warnings import PydanticDeprecatedSince20
  File "/Library/Frameworks/Python.framework/Versions/3.12/lib/python3.12/site-packages/pydantic/warnings.py", line 5, in <module>
    from .version import version_short
  File "/Library/Frameworks/Python.framework/Versions/3.12/lib/python3.12/site-packages/pydantic/version.py", line 7, in <module>
    from pydantic_core import __version__ as __pydantic_core_version__
  File "/Library/Frameworks/Python.framework/Versions/3.12/lib/python3.12/site-packages/pydantic_core/__init__.py", line 8, in <module>
    from ._pydantic_core import (
ImportError: dlopen(/Library/Frameworks/Python.framework/Versions/3.12/lib/python3.12/site-packages/pydantic_core/_pydantic_core.cpython-312-darwin.so, 0x0002): tried: '/Library/Frameworks/Python.framework/Versions/3.12/lib/python3.12/site-packages/pydantic_core/_pydantic_core.cpython-312-darwin.so' (mach-o file, but is an incompatible architecture (have 'x86_64', need 'arm64e' or 'arm64e.v1' or 'arm64' or 'arm64')), '/System/Volumes/Preboot/Cryptexes/OS/Library/Frameworks/Python.framework/Versions/3.12/lib/python3.12/site-packages/pydantic_core/_pydantic_core.cpython-312-darwin.so' (no such file), '/Library/Frameworks/Python.framework/Versions/3.12/lib/python3.12/site-packages/pydantic_core/_pydantic_core.cpython-312-darwin.so' (mach-o file, but is an incompatible architecture (have 'x86_64', need 'arm64e' or 'arm64e.v1' or 'arm64' or 'arm64'))
INFO:     Stopping reloader process [51348]
